<?xml version="1.0" encoding="UTF-8"?>
<!-- Generated by org.testng.reporters.JUnitReportReporter -->
<testsuite skipped="0" hostname="Dafnee" name="testcases.Testcase1" tests="1" failures="0" timestamp="2021-06-29T11:39:30 IST" time="32.427" errors="0">
  <testcase name="testCase" time="32.427" classname="testcases.Testcase1"/>
</testsuite> <!-- testcases.Testcase1 -->
