<?xml version="1.0" encoding="UTF-8"?>
<!-- Generated by org.testng.reporters.JUnitReportReporter -->
<testsuite skipped="0" hostname="Dafnee" name="testcases.PLP_TC_02" tests="1" failures="0" timestamp="2021-06-29T14:36:56 IST" time="30.579" errors="0">
  <testcase name="testCase" time="30.579" classname="testcases.PLP_TC_02"/>
</testsuite> <!-- testcases.PLP_TC_02 -->
