<?xml version="1.0" encoding="UTF-8"?>
<!-- Generated by org.testng.reporters.JUnitReportReporter -->
<testsuite skipped="0" hostname="Dafnee" name="testcases.PLP_TC_01" tests="1" failures="0" timestamp="2021-06-29T14:36:56 IST" time="40.356" errors="0">
  <testcase name="testCase" time="40.356" classname="testcases.PLP_TC_01"/>
</testsuite> <!-- testcases.PLP_TC_01 -->
